2026-01-06 15:40:38 [INFO] [limbus_automation] 进入状态 S0_START
2026-01-06 15:40:38 [INFO] [limbus_automation] 未检测到游戏进程，尝试通过 Steam 启动
2026-01-06 15:40:40 [INFO] [limbus_automation] 检测到游戏进程已启动
2026-01-06 15:40:40 [INFO] [limbus_automation] 等待游戏就绪…
2026-01-06 15:40:41 [INFO] [limbus_automation] [S0_START] hwnd=Y, focus=Y, 截图来源=window, 尺寸=1936x1048, 黑屏=False
2026-01-06 15:40:41 [INFO] [limbus_automation] 切换到 S1_WAIT_LOGIN
2026-01-06 15:40:41 [INFO] [limbus_automation] [S1_WAIT_LOGIN] 连接最高分更新为 0.0000
2026-01-06 15:40:41 [INFO] [limbus_automation] [S1_WAIT_LOGIN] 主菜单最高分更新为 0.0000
2026-01-06 15:40:41 [INFO] [limbus_automation] [S1_WAIT_LOGIN] 安全点击窗口坐标 (1348, 576)
2026-01-06 15:40:42 [INFO] [limbus_automation] [S1_WAIT_LOGIN] 冷却中跳过点击，剩余 1.82s
2026-01-06 15:40:42 [INFO] [limbus_automation] [S1_WAIT_LOGIN] 冷却中跳过点击，剩余 1.29s
2026-01-06 15:40:43 [INFO] [limbus_automation] [S1_WAIT_LOGIN] 冷却中跳过点击，剩余 0.72s
2026-01-06 15:40:43 [INFO] [limbus_automation] [S1_WAIT_LOGIN] 冷却中跳过点击，剩余 0.18s
2026-01-06 15:40:44 [INFO] [limbus_automation] [S1_WAIT_LOGIN] 安全点击窗口坐标 (1348, 576)
2026-01-06 15:40:44 [INFO] [limbus_automation] [S1_WAIT_LOGIN] 冷却中跳过点击，剩余 1.84s
2026-01-06 15:40:45 [INFO] [limbus_automation] [S1_WAIT_LOGIN] 冷却中跳过点击，剩余 1.31s
2026-01-06 15:40:45 [INFO] [limbus_automation] [S1_WAIT_LOGIN] 冷却中跳过点击，剩余 0.77s
2026-01-06 15:40:46 [INFO] [limbus_automation] [S1_WAIT_LOGIN] 冷却中跳过点击，剩余 0.23s
2026-01-06 15:40:47 [INFO] [limbus_automation] [S1_WAIT_LOGIN] 安全点击窗口坐标 (1348, 576)
2026-01-06 15:40:47 [INFO] [limbus_automation] [S1_WAIT_LOGIN] 冷却中跳过点击，剩余 1.85s
2026-01-06 15:40:48 [INFO] [limbus_automation] [S1_WAIT_LOGIN] 冷却中跳过点击，剩余 1.31s
2026-01-06 15:40:48 [INFO] [limbus_automation] [S1_WAIT_LOGIN] 冷却中跳过点击，剩余 0.78s
2026-01-06 15:40:49 [INFO] [limbus_automation] [S1_WAIT_LOGIN] 冷却中跳过点击，剩余 0.25s
2026-01-06 15:40:49 [INFO] [limbus_automation] [S1_WAIT_LOGIN] 安全点击窗口坐标 (1348, 576)
2026-01-06 15:40:50 [INFO] [limbus_automation] [S1_WAIT_LOGIN] 冷却中跳过点击，剩余 1.85s
2026-01-06 15:40:50 [INFO] [limbus_automation] [S1_WAIT_LOGIN] 冷却中跳过点击，剩余 1.32s
2026-01-06 15:40:51 [INFO] [limbus_automation] [S1_WAIT_LOGIN] 冷却中跳过点击，剩余 0.78s
2026-01-06 15:40:52 [INFO] [limbus_automation] [S1_WAIT_LOGIN] 冷却中跳过点击，剩余 0.25s
2026-01-06 15:40:52 [INFO] [limbus_automation] [S1_WAIT_LOGIN] 安全点击窗口坐标 (1348, 576)
2026-01-06 15:40:53 [INFO] [limbus_automation] [S1_WAIT_LOGIN] 冷却中跳过点击，剩余 1.84s
2026-01-06 15:40:53 [INFO] [limbus_automation] [S1_WAIT_LOGIN] 冷却中跳过点击，剩余 1.30s
2026-01-06 15:40:54 [INFO] [limbus_automation] [S1_WAIT_LOGIN] 冷却中跳过点击，剩余 0.77s
2026-01-06 15:40:54 [INFO] [limbus_automation] [S1_WAIT_LOGIN] 冷却中跳过点击，剩余 0.23s
2026-01-06 15:40:55 [INFO] [limbus_automation] [S1_WAIT_LOGIN] 安全点击窗口坐标 (1348, 576)
2026-01-06 15:40:56 [INFO] [limbus_automation] [S1_WAIT_LOGIN] 冷却中跳过点击，剩余 1.75s
2026-01-06 15:40:56 [INFO] [limbus_automation] [S1_WAIT_LOGIN] 冷却中跳过点击，剩余 1.15s
2026-01-06 15:40:57 [INFO] [limbus_automation] [S1_WAIT_LOGIN] 冷却中跳过点击，剩余 0.51s
2026-01-06 15:40:58 [INFO] [limbus_automation] [S1_WAIT_LOGIN] 安全点击窗口坐标 (1348, 576)
2026-01-06 15:40:58 [INFO] [limbus_automation] [S1_WAIT_LOGIN] 冷却中跳过点击，剩余 1.84s
2026-01-06 15:40:59 [INFO] [limbus_automation] [S1_WAIT_LOGIN] 冷却中跳过点击，剩余 1.30s
2026-01-06 15:40:59 [INFO] [limbus_automation] [S1_WAIT_LOGIN] 冷却中跳过点击，剩余 0.76s
2026-01-06 15:41:00 [INFO] [limbus_automation] [S1_WAIT_LOGIN] 冷却中跳过点击，剩余 0.24s
2026-01-06 15:41:00 [INFO] [limbus_automation] [S1_WAIT_LOGIN] 安全点击窗口坐标 (1348, 576)
2026-01-06 15:41:01 [INFO] [limbus_automation] [S1_WAIT_LOGIN] 冷却中跳过点击，剩余 1.84s
2026-01-06 15:41:02 [INFO] [limbus_automation] [S1_WAIT_LOGIN] 冷却中跳过点击，剩余 1.30s
2026-01-06 15:41:02 [INFO] [limbus_automation] [S1_WAIT_LOGIN] 冷却中跳过点击，剩余 0.74s
2026-01-06 15:41:03 [INFO] [limbus_automation] [S1_WAIT_LOGIN] 冷却中跳过点击，剩余 0.18s
2026-01-06 15:41:03 [INFO] [limbus_automation] [S1_WAIT_LOGIN] 安全点击窗口坐标 (1348, 576)
2026-01-06 15:41:04 [INFO] [limbus_automation] [S1_WAIT_LOGIN] 冷却中跳过点击，剩余 1.82s
2026-01-06 15:41:04 [INFO] [limbus_automation] [S1_WAIT_LOGIN] 冷却中跳过点击，剩余 1.25s
2026-01-06 15:41:05 [INFO] [limbus_automation] [S1_WAIT_LOGIN] 冷却中跳过点击，剩余 0.70s
2026-01-06 15:41:06 [INFO] [limbus_automation] [S1_WAIT_LOGIN] 冷却中跳过点击，剩余 0.17s
2026-01-06 15:41:06 [INFO] [limbus_automation] [S1_WAIT_LOGIN] 安全点击窗口坐标 (1348, 576)
2026-01-06 15:41:07 [INFO] [limbus_automation] [S1_WAIT_LOGIN] 冷却中跳过点击，剩余 1.84s
2026-01-06 15:41:07 [INFO] [limbus_automation] [S1_WAIT_LOGIN] 冷却中跳过点击，剩余 1.32s
2026-01-06 15:41:08 [INFO] [limbus_automation] [S1_WAIT_LOGIN] 冷却中跳过点击，剩余 0.78s
2026-01-06 15:41:08 [INFO] [limbus_automation] [S1_WAIT_LOGIN] 冷却中跳过点击，剩余 0.23s
2026-01-06 15:41:09 [INFO] [limbus_automation] [S1_WAIT_LOGIN] 安全点击窗口坐标 (1348, 576)
2026-01-06 15:41:10 [INFO] [limbus_automation] [S1_WAIT_LOGIN] 冷却中跳过点击，剩余 1.84s
2026-01-06 15:41:10 [INFO] [limbus_automation] [S1_WAIT_LOGIN] 冷却中跳过点击，剩余 1.30s
2026-01-06 15:41:11 [INFO] [limbus_automation] [S1_WAIT_LOGIN] 冷却中跳过点击，剩余 0.77s
2026-01-06 15:41:11 [ERROR] [limbus_automation] [S1_WAIT_LOGIN] 失败: 登录等待超时，主菜单最高分 0.0000，连接最高分 0.0000
2026-01-06 15:41:11 [INFO] [limbus_automation] [S1_WAIT_LOGIN] 失败截图保存到: G:\Project\limbuscompany 脚本\VibeCoding_Automatic_game_script\logs\fail_S1_WAIT_LOGIN_20260106_154111.png
2026-01-06 15:41:11 [INFO] [limbus_automation] 结束进程 LimbusCompany.exe (83856)
