2026-01-06 15:18:51 [INFO] [limbus_automation] 进入状态 S0_START
2026-01-06 15:18:52 [INFO] [limbus_automation] 未检测到游戏进程，尝试通过 Steam 启动
2026-01-06 15:18:54 [INFO] [limbus_automation] 检测到游戏进程已启动
2026-01-06 15:18:54 [INFO] [limbus_automation] 等待游戏就绪…
2026-01-06 15:18:54 [INFO] [limbus_automation] [S0_START] hwnd=Y, focus=Y, 截图来源=window, 尺寸=1936x1048, 黑屏=False
2026-01-06 15:18:54 [INFO] [limbus_automation] 切换到 S1_WAIT_LOGIN
2026-01-06 15:18:54 [INFO] [limbus_automation] [S1_WAIT_LOGIN] 连接最高分更新为 0.0000
2026-01-06 15:18:54 [INFO] [limbus_automation] [S1_WAIT_LOGIN] 主菜单最高分更新为 0.0000
2026-01-06 15:18:54 [INFO] [limbus_automation] [S1_WAIT_LOGIN] 安全点击窗口坐标 (1348, 576)
2026-01-06 15:18:55 [INFO] [limbus_automation] [S1_WAIT_LOGIN] 冷却中跳过点击，剩余 1.83s
2026-01-06 15:18:55 [INFO] [limbus_automation] [S1_WAIT_LOGIN] 冷却中跳过点击，剩余 1.30s
2026-01-06 15:18:56 [INFO] [limbus_automation] [S1_WAIT_LOGIN] 冷却中跳过点击，剩余 0.77s
2026-01-06 15:18:56 [INFO] [limbus_automation] [S1_WAIT_LOGIN] 冷却中跳过点击，剩余 0.24s
2026-01-06 15:18:57 [INFO] [limbus_automation] [S1_WAIT_LOGIN] 安全点击窗口坐标 (1348, 576)
2026-01-06 15:18:58 [INFO] [limbus_automation] [S1_WAIT_LOGIN] 冷却中跳过点击，剩余 1.84s
2026-01-06 15:18:58 [INFO] [limbus_automation] [S1_WAIT_LOGIN] 冷却中跳过点击，剩余 1.30s
2026-01-06 15:18:59 [INFO] [limbus_automation] [S1_WAIT_LOGIN] 冷却中跳过点击，剩余 0.76s
2026-01-06 15:18:59 [INFO] [limbus_automation] [S1_WAIT_LOGIN] 冷却中跳过点击，剩余 0.22s
2026-01-06 15:19:00 [INFO] [limbus_automation] [S1_WAIT_LOGIN] 安全点击窗口坐标 (1348, 576)
2026-01-06 15:19:00 [INFO] [limbus_automation] [S1_WAIT_LOGIN] 冷却中跳过点击，剩余 1.84s
2026-01-06 15:19:01 [INFO] [limbus_automation] [S1_WAIT_LOGIN] 冷却中跳过点击，剩余 1.31s
2026-01-06 15:19:01 [INFO] [limbus_automation] [S1_WAIT_LOGIN] 冷却中跳过点击，剩余 0.78s
2026-01-06 15:19:02 [INFO] [limbus_automation] [S1_WAIT_LOGIN] 冷却中跳过点击，剩余 0.23s
2026-01-06 15:19:03 [INFO] [limbus_automation] [S1_WAIT_LOGIN] 安全点击窗口坐标 (1348, 576)
2026-01-06 15:19:03 [INFO] [limbus_automation] [S1_WAIT_LOGIN] 冷却中跳过点击，剩余 1.85s
2026-01-06 15:19:04 [INFO] [limbus_automation] [S1_WAIT_LOGIN] 冷却中跳过点击，剩余 1.32s
2026-01-06 15:19:04 [INFO] [limbus_automation] [S1_WAIT_LOGIN] 冷却中跳过点击，剩余 0.78s
2026-01-06 15:19:05 [INFO] [limbus_automation] [S1_WAIT_LOGIN] 冷却中跳过点击，剩余 0.25s
2026-01-06 15:19:05 [INFO] [limbus_automation] [S1_WAIT_LOGIN] 安全点击窗口坐标 (1348, 576)
2026-01-06 15:19:06 [INFO] [limbus_automation] [S1_WAIT_LOGIN] 冷却中跳过点击，剩余 1.84s
2026-01-06 15:19:07 [INFO] [limbus_automation] [S1_WAIT_LOGIN] 冷却中跳过点击，剩余 1.29s
2026-01-06 15:19:07 [INFO] [limbus_automation] [S1_WAIT_LOGIN] 冷却中跳过点击，剩余 0.75s
2026-01-06 15:19:08 [INFO] [limbus_automation] [S1_WAIT_LOGIN] 冷却中跳过点击，剩余 0.22s
2026-01-06 15:19:08 [INFO] [limbus_automation] [S1_WAIT_LOGIN] 安全点击窗口坐标 (1348, 576)
2026-01-06 15:19:09 [INFO] [limbus_automation] [S1_WAIT_LOGIN] 冷却中跳过点击，剩余 1.85s
2026-01-06 15:19:09 [INFO] [limbus_automation] [S1_WAIT_LOGIN] 冷却中跳过点击，剩余 1.30s
2026-01-06 15:19:10 [INFO] [limbus_automation] [S1_WAIT_LOGIN] 冷却中跳过点击，剩余 0.76s
2026-01-06 15:19:10 [INFO] [limbus_automation] [S1_WAIT_LOGIN] 冷却中跳过点击，剩余 0.18s
2026-01-06 15:19:11 [INFO] [limbus_automation] [S1_WAIT_LOGIN] 安全点击窗口坐标 (1348, 576)
2026-01-06 15:19:12 [INFO] [limbus_automation] [S1_WAIT_LOGIN] 冷却中跳过点击，剩余 1.83s
2026-01-06 15:19:12 [INFO] [limbus_automation] [S1_WAIT_LOGIN] 冷却中跳过点击，剩余 1.30s
2026-01-06 15:19:13 [INFO] [limbus_automation] [S1_WAIT_LOGIN] 冷却中跳过点击，剩余 0.77s
2026-01-06 15:19:13 [INFO] [limbus_automation] [S1_WAIT_LOGIN] 冷却中跳过点击，剩余 0.24s
2026-01-06 15:19:14 [INFO] [limbus_automation] [S1_WAIT_LOGIN] 安全点击窗口坐标 (1348, 576)
2026-01-06 15:19:15 [INFO] [limbus_automation] [S1_WAIT_LOGIN] 冷却中跳过点击，剩余 1.84s
2026-01-06 15:19:15 [INFO] [limbus_automation] [S1_WAIT_LOGIN] 冷却中跳过点击，剩余 1.30s
2026-01-06 15:19:16 [INFO] [limbus_automation] [S1_WAIT_LOGIN] 冷却中跳过点击，剩余 0.76s
2026-01-06 15:19:16 [INFO] [limbus_automation] [S1_WAIT_LOGIN] 冷却中跳过点击，剩余 0.22s
2026-01-06 15:19:17 [INFO] [limbus_automation] [S1_WAIT_LOGIN] 安全点击窗口坐标 (1348, 576)
2026-01-06 15:19:17 [INFO] [limbus_automation] [S1_WAIT_LOGIN] 冷却中跳过点击，剩余 1.85s
2026-01-06 15:19:18 [INFO] [limbus_automation] [S1_WAIT_LOGIN] 冷却中跳过点击，剩余 1.32s
2026-01-06 15:19:18 [INFO] [limbus_automation] [S1_WAIT_LOGIN] 冷却中跳过点击，剩余 0.77s
2026-01-06 15:19:19 [INFO] [limbus_automation] [S1_WAIT_LOGIN] 冷却中跳过点击，剩余 0.22s
2026-01-06 15:19:20 [INFO] [limbus_automation] [S1_WAIT_LOGIN] 安全点击窗口坐标 (1348, 576)
2026-01-06 15:19:20 [INFO] [limbus_automation] [S1_WAIT_LOGIN] 冷却中跳过点击，剩余 1.84s
2026-01-06 15:19:21 [INFO] [limbus_automation] [S1_WAIT_LOGIN] 冷却中跳过点击，剩余 1.29s
2026-01-06 15:19:21 [INFO] [limbus_automation] [S1_WAIT_LOGIN] 冷却中跳过点击，剩余 0.76s
2026-01-06 15:19:22 [INFO] [limbus_automation] [S1_WAIT_LOGIN] 冷却中跳过点击，剩余 0.22s
2026-01-06 15:19:22 [INFO] [limbus_automation] [S1_WAIT_LOGIN] 安全点击窗口坐标 (1348, 576)
2026-01-06 15:19:23 [INFO] [limbus_automation] [S1_WAIT_LOGIN] 冷却中跳过点击，剩余 1.85s
2026-01-06 15:19:24 [INFO] [limbus_automation] [S1_WAIT_LOGIN] 冷却中跳过点击，剩余 1.31s
2026-01-06 15:19:24 [INFO] [limbus_automation] [S1_WAIT_LOGIN] 冷却中跳过点击，剩余 0.78s
2026-01-06 15:19:25 [ERROR] [limbus_automation] [S1_WAIT_LOGIN] 失败: 登录等待超时，主菜单最高分 0.0000，连接最高分 0.0000
2026-01-06 15:19:25 [INFO] [limbus_automation] [S1_WAIT_LOGIN] 失败截图保存到: G:\Project\limbuscompany 脚本\VibeCoding_Automatic_game_script\logs\fail_S1_WAIT_LOGIN_20260106_151925.png
2026-01-06 15:19:25 [INFO] [limbus_automation] 结束进程 LimbusCompany.exe (324036)
